#
# There is insufficient memory for the Java Runtime Environment to continue.
# Native memory allocation (malloc) failed to allocate 32744 bytes for ChunkPool::allocate
# Possible reasons:
#   The system is out of physical RAM or swap space
#   In 32 bit mode, the process size limit was hit
# Possible solutions:
#   Reduce memory load on the system
#   Increase physical memory or swap space
#   Check if swap backing store is full
#   Use 64 bit Java on a 64 bit OS
#   Decrease Java heap size (-Xmx/-Xms)
#   Decrease number of Java threads
#   Decrease Java thread stack sizes (-Xss)
#   Set larger code cache with -XX:ReservedCodeCacheSize=
# This output file may be truncated or incomplete.
#
#  Out of Memory Error (allocation.cpp:273), pid=1080, tid=0x0000000000000ce8
#
# JRE version:  (8.0_112-b06) (build )
# Java VM: OpenJDK 64-Bit Server VM (25.112-b06 mixed mode windows-amd64 compressed oops)
# Failed to write core dump. Minidumps are not enabled by default on client versions of Windows
#

---------------  T H R E A D  ---------------

Current thread (0x0000000002560800):  JavaThread "main" [_thread_in_vm, id=3304, stack(0x0000000002460000,0x0000000002560000)]

Stack: [0x0000000002460000,0x0000000002560000]
[error occurred during error reporting (printing stack bounds), id 0xc0000005]

Native frames: (J=compiled Java code, j=interpreted, Vv=VM code, C=native code)

Java frames: (J=compiled Java code, j=interpreted, Vv=VM code)
j  java.lang.Class.getDeclaredFields0(Z)[Ljava/lang/reflect/Field;+0
j  java.lang.Class.access$100(Ljava/lang/Class;Z)[Ljava/lang/reflect/Field;+2
j  java.lang.Class$Atomic.<clinit>()V+9
v  ~StubRoutines::call_stub
j  java.lang.Class.newReflectionData(Ljava/lang/ref/SoftReference;I)Ljava/lang/Class$ReflectionData;+27
j  java.lang.Class.reflectionData()Ljava/lang/Class$ReflectionData;+45
j  java.lang.Class.privateGetDeclaredFields(Z)[Ljava/lang/reflect/Field;+4
j  java.lang.Class.getDeclaredField(Ljava/lang/String;)Ljava/lang/reflect/Field;+11
j  java.util.concurrent.atomic.AtomicReferenceFieldUpdater$AtomicReferenceFieldUpdaterImpl$1.run()Ljava/lang/reflect/Field;+8
j  java.util.concurrent.atomic.AtomicReferenceFieldUpdater$AtomicReferenceFieldUpdaterImpl$1.run()Ljava/lang/Object;+1
v  ~StubRoutines::call_stub
j  java.security.AccessController.doPrivileged(Ljava/security/PrivilegedExceptionAction;)Ljava/lang/Object;+0
j  java.util.concurrent.atomic.AtomicReferenceFieldUpdater$AtomicReferenceFieldUpdaterImpl.<init>(Ljava/lang/Class;Ljava/lang/Class;Ljava/lang/String;Ljava/lang/Class;)V+14
j  java.util.concurrent.atomic.AtomicReferenceFieldUpdater.newUpdater(Ljava/lang/Class;Ljava/lang/Class;Ljava/lang/String;)Ljava/util/concurrent/atomic/AtomicReferenceFieldUpdater;+10
j  java.io.BufferedInputStream.<clinit>()V+17
v  ~StubRoutines::call_stub
j  java.lang.System.initializeSystemClass()V+70
v  ~StubRoutines::call_stub

---------------  P R O C E S S  ---------------

Java Threads: ( => current thread )
  0x0000000017090800 JavaThread "Finalizer" daemon [_thread_blocked, id=7764, stack(0x0000000017470000,0x0000000017570000)]
  0x0000000002657000 JavaThread "Reference Handler" daemon [_thread_blocked, id=1488, stack(0x0000000016f70000,0x0000000017070000)]
=>0x0000000002560800 JavaThread "main" [_thread_in_vm, id=3304, stack(0x0000000002460000,0x0000000002560000)]

Other Threads:
  0x0000000015175800 VMThread [stack: 0x0000000016e70000,0x0000000016f70000] [id=8144]

VM state:not at safepoint (normal execution)

VM Mutex/Monitor currently owned by a thread: None

Heap:
 PSYoungGen      total 37888K, used 655K [0x00000000eab00000, 0x00000000ed500000, 0x0000000100000000)
  eden space 32768K, 2% used [0x00000000eab00000,0x00000000eaba3d80,0x00000000ecb00000)
  from space 5120K, 0% used [0x00000000ed000000,0x00000000ed000000,0x00000000ed500000)
  to   space 5120K, 0% used [0x00000000ecb00000,0x00000000ecb00000,0x00000000ed000000)
 ParOldGen       total 86016K, used 0K [0x00000000c0000000, 0x00000000c5400000, 0x00000000eab00000)
  object space 86016K, 0% used [0x00000000c0000000,0x00000000c0000000,0x00000000c5400000)
 Metaspace       used 1233K, capacity 4480K, committed 4480K, reserved 1056768K
  class space    used 133K, capacity 384K, committed 384K, reserved 1048576K

Card table byte_map: [0x0000000011a20000,0x0000000011c30000] byte_map_base: 0x0000000011420000

Marking Bits: (ParMarkBitMap*) 0x000000005ac718f0
 Begin Bits: [0x0000000012590000, 0x0000000013590000)
 End Bits:   [0x0000000013590000, 0x0000000014590000)

Polling page: 0x0000000000af0000

CodeCache: size=245760Kb used=405Kb max_used=405Kb free=245354Kb
 bounds [0x0000000002660000, 0x00000000028d0000, 0x0000000011660000]
 total_blobs=104 nmethods=0 adapters=79
 compilation: enabled

Compilation events (0 events):
No events

GC Heap History (0 events):
No events

Deoptimization events (0 events):
No events

Internal exceptions (2 events):
Event: 0.020 Thread 0x0000000002560800 Exception <a 'java/lang/NoSuchMethodError': Method sun.misc.Unsafe.defineClass(Ljava/lang/String;[BII)Ljava/lang/Class; name or signature does not match> (0x00000000eab07c78) thrown at [C:\src\android\AOSP-openjdk\external\jetbrains\jdk\hotspot\src\share\v‚∫ê-î?
Event: 0.020 Thread 0x0000000002560800 Exception <a 'java/lang/NoSuchMethodError': Method sun.misc.Unsafe.prefetchRead(Ljava/lang/Object;J)V name or signature does not match> (0x00000000eab07f60) thrown at [C:\src\android\AOSP-openjdk\external\jetbrains\jdk\hotspot\src\share\vm\prims\jni.cpp, l

Events (10 events):
Event: 0.025 loading class sun/reflect/generics/repository/AbstractRepository
Event: 0.025 loading class sun/reflect/generics/repository/AbstractRepository done
Event: 0.025 loading class sun/reflect/generics/repository/GenericDeclRepository done
Event: 0.025 loading class sun/reflect/generics/repository/ClassRepository done
Event: 0.025 loading class java/lang/Class$AnnotationData
Event: 0.025 loading class java/lang/Class$AnnotationData done
Event: 0.025 loading class sun/reflect/annotation/AnnotationType
Event: 0.025 loading class sun/reflect/annotation/AnnotationType done
Event: 0.025 loading class java/lang/ClassValue$ClassValueMap
Event: 0.025 loading class java/util/WeakHashMap


Dynamic libraries:
0x00007ff6bfc80000 - 0x00007ff6bfcb1000 	C:\Program Files\Android\Android Studio\jre\bin\java.exe
0x00007ff834a60000 - 0x00007ff834c21000 	C:\WINDOWS\SYSTEM32\ntdll.dll
0x00007ff831fb0000 - 0x00007ff83205d000 	C:\WINDOWS\system32\KERNEL32.DLL
0x00007ff831a30000 - 0x00007ff831c18000 	C:\WINDOWS\system32\KERNELBASE.dll
0x00007ff833a50000 - 0x00007ff833af7000 	C:\WINDOWS\system32\ADVAPI32.dll
0x00007ff831e60000 - 0x00007ff831efd000 	C:\WINDOWS\system32\msvcrt.dll
0x00007ff833e50000 - 0x00007ff833eab000 	C:\WINDOWS\system32\sechost.dll
0x00007ff833930000 - 0x00007ff833a4c000 	C:\WINDOWS\system32\RPCRT4.dll
0x00007ff834470000 - 0x00007ff8345c6000 	C:\WINDOWS\system32\USER32.dll
0x00007ff833eb0000 - 0x00007ff834036000 	C:\WINDOWS\system32\GDI32.dll
0x00007ff82a220000 - 0x00007ff82a494000 	C:\WINDOWS\WinSxS\amd64_microsoft.windows.common-controls_6595b64144ccf1df_6.0.10586.672_none_a2d6b3cea53ff843\COMCTL32.dll
0x00007ff8347e0000 - 0x00007ff834a5d000 	C:\WINDOWS\system32\combase.dll
0x00007ff8319c0000 - 0x00007ff831a2a000 	C:\WINDOWS\system32\bcryptPrimitives.dll
0x00007ff8338f0000 - 0x00007ff83392b000 	C:\WINDOWS\system32\IMM32.DLL
0x000000005a2f0000 - 0x000000005a3c2000 	C:\Program Files\Android\Android Studio\jre\jre\bin\msvcr100.dll
0x000000005a4b0000 - 0x000000005acec000 	C:\Program Files\Android\Android Studio\jre\jre\bin\server\jvm.dll
0x00007ff833e40000 - 0x00007ff833e48000 	C:\WINDOWS\system32\PSAPI.DLL
0x00007ff82e270000 - 0x00007ff82e279000 	C:\WINDOWS\SYSTEM32\WSOCK32.dll
0x00007ff82b720000 - 0x00007ff82b72a000 	C:\WINDOWS\SYSTEM32\VERSION.dll
0x00007ff82e930000 - 0x00007ff82e953000 	C:\WINDOWS\SYSTEM32\WINMM.dll
0x00007ff833d40000 - 0x00007ff833dab000 	C:\WINDOWS\system32\WS2_32.dll
0x00007ff82e7f0000 - 0x00007ff82e81c000 	C:\WINDOWS\SYSTEM32\WINMMBASE.dll
0x00007ff831cd0000 - 0x00007ff831d13000 	C:\WINDOWS\system32\cfgmgr32.dll
0x00007ff8290f0000 - 0x00007ff8290ff000 	C:\Program Files\Android\Android Studio\jre\jre\bin\verify.dll
0x00007ff826c20000 - 0x00007ff826c49000 	C:\Program Files\Android\Android Studio\jre\jre\bin\java.dll
0x00007ff828aa0000 - 0x00007ff828ab6000 	C:\Program Files\Android\Android Studio\jre\jre\bin\zip.dll
0x00007ff832240000 - 0x00007ff83379c000 	C:\WINDOWS\system32\SHELL32.dll
0x00007ff831370000 - 0x00007ff8319b5000 	C:\WINDOWS\system32\windows.storage.dll
0x00007ff834780000 - 0x00007ff8347d2000 	C:\WINDOWS\system32\shlwapi.dll
0x00007ff8310b0000 - 0x00007ff8310bf000 	C:\WINDOWS\system32\kernel.appcore.dll
0x00007ff831da0000 - 0x00007ff831e55000 	C:\WINDOWS\system32\shcore.dll
0x00007ff8310c0000 - 0x00007ff83110b000 	C:\WINDOWS\system32\powrprof.dll
0x00007ff831080000 - 0x00007ff831094000 	C:\WINDOWS\system32\profapi.dll

VM Arguments:
jvm_args: -Djava.awt.headless=true -Xmx1024M -Dfile.encoding=windows-1252 -Duser.country=GB -Duser.language=en -Duser.variant 
java_command: com.android.dx.command.Main --dex --force-jumbo --num-threads=4 --multi-dex --output D:\DesCon\Design-and-Construction-App\app\build\intermediates\transforms\dex\debug\folders\1000\5\slice_0 D:\DesCon\Design-and-Construction-App\app\build\intermediates\transforms\instantRunSlicer\debug\folders\1\5\slice_0
java_class_path (initial): C:\Users\Studio\AppData\Local\Android\sdk\build-tools\25.0.2\lib\dx.jar
Launcher Type: SUN_STANDARD

Environment Variables:
PATH=C:\Program Files\Oculus\Support\oculus-runtime;C:\ProgramData\Oracle\Java\javapath;c:\program files\euphonix\eucon\;c:\program files (x86)\euphonix\eucon;C:\WINDOWS\system32;C:\WINDOWS;C:\WINDOWS\System32\Wbem;C:\WINDOWS\System32\WindowsPowerShell\v1.0\;C:\Program Files (x86)\QuickTime\QTSystem\;C:\Program Files\Common Files\Avid\Eucon;C:\Program Files (x86)\Common Files\Avid\Eucon;C:\Program Files\MATLAB\R2015b\runtime\win64;C:\Program Files\MATLAB\R2015b\bin;C:\Program Files (x86)\NVIDIA Corporation\PhysX\Common;C:\Program Files (x86)\GtkSharp\2.12\bin
USERNAME=Studio
OS=Windows_NT
PROCESSOR_IDENTIFIER=Intel64 Family 6 Model 60 Stepping 3, GenuineIntel



---------------  S Y S T E M  ---------------

OS: Windows 10.0 , 64 bit Build 10586 (10.0.10586.589)

CPU:total 8 (4 cores per cpu, 2 threads per core) family 6 model 60 stepping 3, cmov, cx8, fxsr, mmx, sse, sse2, sse3, ssse3, sse4.1, sse4.2, popcnt, avx, avx2, aes, clmul, erms, lzcnt, ht, tsc, tscinvbit, bmi1, bmi2

Memory: 4k page, physical 8223328k(1617204k free), swap 8223328k(3688k free)

vm_info: OpenJDK 64-Bit Server VM (25.112-b06) for windows-amd64 JRE (1.8.0_112-release-b06), built on Dec  8 2016 00:54:26 by "builder" with MS VC++ 10.0 (VS2010)

time: Sat Apr 22 13:43:20 2017
elapsed time: 0 seconds (0d 0h 0m 0s)

