#
# There is insufficient memory for the Java Runtime Environment to continue.
# Native memory allocation (malloc) failed to allocate 32784 bytes for Chunk::new
# Possible reasons:
#   The system is out of physical RAM or swap space
#   In 32 bit mode, the process size limit was hit
# Possible solutions:
#   Reduce memory load on the system
#   Increase physical memory or swap space
#   Check if swap backing store is full
#   Use 64 bit Java on a 64 bit OS
#   Decrease Java heap size (-Xmx/-Xms)
#   Decrease number of Java threads
#   Decrease Java thread stack sizes (-Xss)
#   Set larger code cache with -XX:ReservedCodeCacheSize=
# This output file may be truncated or incomplete.
#
#  Out of Memory Error (allocation.cpp:390), pid=3304, tid=0x0000000000000594
#
# JRE version: OpenJDK Runtime Environment (8.0_112-b06) (build 1.8.0_112-release-b06)
# Java VM: OpenJDK 64-Bit Server VM (25.112-b06 mixed mode windows-amd64 compressed oops)
# Failed to write core dump. Minidumps are not enabled by default on client versions of Windows
#

---------------  T H R E A D  ---------------

Current thread (0x00000000177f5800):  JavaThread "C2 CompilerThread0" daemon [_thread_in_native, id=1428, stack(0x0000000017fb0000,0x00000000180b0000)]

Stack: [0x0000000017fb0000,0x00000000180b0000]
[error occurred during error reporting (printing stack bounds), id 0xc0000005]

Native frames: (J=compiled Java code, j=interpreted, Vv=VM code, C=native code)


Current CompileTask:
C2:   1583 1247   !   4       com.android.dx.cf.code.RopperMachine::run (1550 bytes)


---------------  P R O C E S S  ---------------

Java Threads: ( => current thread )
  0x0000000017ae1000 JavaThread "pool-2-thread-4" [_thread_in_Java, id=3572, stack(0x00000000189b0000,0x0000000018ab0000)]
  0x0000000017ad0000 JavaThread "pool-2-thread-3" [_thread_blocked, id=8292, stack(0x00000000188b0000,0x00000000189b0000)]
  0x00000000179c4800 JavaThread "pool-2-thread-2" [_thread_in_Java, id=2504, stack(0x00000000187b0000,0x00000000188b0000)]
  0x00000000179ba800 JavaThread "pool-3-thread-1" [_thread_blocked, id=7132, stack(0x00000000186b0000,0x00000000187b0000)]
  0x00000000179b5000 JavaThread "pool-2-thread-1" [_thread_blocked, id=2172, stack(0x00000000185b0000,0x00000000186b0000)]
  0x000000001788d800 JavaThread "Service Thread" daemon [_thread_blocked, id=3808, stack(0x00000000183b0000,0x00000000184b0000)]
  0x000000001780d800 JavaThread "C1 CompilerThread3" daemon [_thread_blocked, id=3544, stack(0x00000000182b0000,0x00000000183b0000)]
  0x00000000177ff800 JavaThread "C2 CompilerThread2" daemon [_thread_in_native, id=1464, stack(0x00000000181b0000,0x00000000182b0000)]
  0x00000000177f8800 JavaThread "C2 CompilerThread1" daemon [_thread_in_native, id=7632, stack(0x00000000180b0000,0x00000000181b0000)]
=>0x00000000177f5800 JavaThread "C2 CompilerThread0" daemon [_thread_in_native, id=1428, stack(0x0000000017fb0000,0x00000000180b0000)]
  0x00000000177f2000 JavaThread "Attach Listener" daemon [_thread_blocked, id=1376, stack(0x0000000017eb0000,0x0000000017fb0000)]
  0x00000000158fe000 JavaThread "Signal Dispatcher" daemon [_thread_blocked, id=6532, stack(0x0000000017db0000,0x0000000017eb0000)]
  0x00000000177f0800 JavaThread "Finalizer" daemon [_thread_blocked, id=5216, stack(0x0000000017bd0000,0x0000000017cd0000)]
  0x0000000002dc4000 JavaThread "Reference Handler" daemon [_thread_blocked, id=7392, stack(0x00000000176d0000,0x00000000177d0000)]
  0x0000000002cd0800 JavaThread "main" [_thread_in_native, id=7492, stack(0x0000000002bb0000,0x0000000002cb0000)]

Other Threads:
  0x00000000158e5800 VMThread [stack: 0x00000000175d0000,0x00000000176d0000] [id=7080]
  0x000000001788e800 WatcherThread [stack: 0x00000000184b0000,0x00000000185b0000] [id=4364]

VM state:not at safepoint (normal execution)

VM Mutex/Monitor currently owned by a thread: None

Heap:
 PSYoungGen      total 37888K, used 31020K [0x00000000eab00000, 0x00000000ef500000, 0x0000000100000000)
  eden space 32768K, 79% used [0x00000000eab00000,0x00000000ec44b3d0,0x00000000ecb00000)
  from space 5120K, 99% used [0x00000000ecb00000,0x00000000ecffff40,0x00000000ed000000)
  to   space 5120K, 0% used [0x00000000ef000000,0x00000000ef000000,0x00000000ef500000)
 ParOldGen       total 86016K, used 4441K [0x00000000c0000000, 0x00000000c5400000, 0x00000000eab00000)
  object space 86016K, 5% used [0x00000000c0000000,0x00000000c0456450,0x00000000c5400000)
 Metaspace       used 5695K, capacity 6896K, committed 7040K, reserved 1056768K
  class space    used 556K, capacity 616K, committed 640K, reserved 1048576K

Card table byte_map: [0x0000000012190000,0x00000000123a0000] byte_map_base: 0x0000000011b90000

Marking Bits: (ParMarkBitMap*) 0x000000005ac718f0
 Begin Bits: [0x0000000012d00000, 0x0000000013d00000)
 End Bits:   [0x0000000013d00000, 0x0000000014d00000)

Polling page: 0x00000000013b0000

CodeCache: size=245760Kb used=5084Kb max_used=5084Kb free=240675Kb
 bounds [0x0000000002dd0000, 0x00000000032d0000, 0x0000000011dd0000]
 total_blobs=1508 nmethods=1247 adapters=175
 compilation: enabled

Compilation events (10 events):
Event: 1.446 Thread 0x00000000177ff800 nmethod 1228 0x00000000032bab10 code [0x00000000032baca0, 0x00000000032bb468]
Event: 1.446 Thread 0x00000000177ff800 1235       4       com.android.dx.rop.type.Type::isIntlike (56 bytes)
Event: 1.446 Thread 0x00000000177ff800 nmethod 1235 0x000000000319ff90 code [0x00000000031a00c0, 0x00000000031a0138]
Event: 1.447 Thread 0x00000000177ff800 1243       4       com.android.dx.ssa.SCCP::simulateBranch (666 bytes)
Event: 1.476 Thread 0x00000000177f5800 nmethod 1238 0x00000000032bff10 code [0x00000000032c02c0, 0x00000000032c1f70]
Event: 1.476 Thread 0x00000000177f5800 1246       4       com.android.dx.cf.code.BaseMachine::storeResults (90 bytes)
Event: 1.481 Thread 0x00000000177ff800 nmethod 1243 0x00000000032c4a10 code [0x00000000032c4c80, 0x00000000032c5d50]
Event: 1.481 Thread 0x00000000177ff800 1244       4       com.android.dx.ssa.SCCP::simulatePhi (169 bytes)
Event: 1.484 Thread 0x00000000177f5800 nmethod 1246 0x00000000032b9a10 code [0x00000000032b9bc0, 0x00000000032ba248]
Event: 1.484 Thread 0x00000000177f5800 1247   !   4       com.android.dx.cf.code.RopperMachine::run (1550 bytes)

GC Heap History (2 events):
Event: 1.205 GC heap before
{Heap before GC invocations=1 (full 0):
 PSYoungGen      total 37888K, used 32768K [0x00000000eab00000, 0x00000000ed500000, 0x0000000100000000)
  eden space 32768K, 100% used [0x00000000eab00000,0x00000000ecb00000,0x00000000ecb00000)
  from space 5120K, 0% used [0x00000000ed000000,0x00000000ed000000,0x00000000ed500000)
  to   space 5120K, 0% used [0x00000000ecb00000,0x00000000ecb00000,0x00000000ed000000)
 ParOldGen       total 86016K, used 0K [0x00000000c0000000, 0x00000000c5400000, 0x00000000eab00000)
  object space 86016K, 0% used [0x00000000c0000000,0x00000000c0000000,0x00000000c5400000)
 Metaspace       used 5657K, capacity 6832K, committed 7040K, reserved 1056768K
  class space    used 553K, capacity 616K, committed 640K, reserved 1048576K
Event: 1.242 GC heap after
Heap after GC invocations=1 (full 0):
 PSYoungGen      total 37888K, used 5119K [0x00000000eab00000, 0x00000000ef500000, 0x0000000100000000)
  eden space 32768K, 0% used [0x00000000eab00000,0x00000000eab00000,0x00000000ecb00000)
  from space 5120K, 99% used [0x00000000ecb00000,0x00000000ecffff40,0x00000000ed000000)
  to   space 5120K, 0% used [0x00000000ef000000,0x00000000ef000000,0x00000000ef500000)
 ParOldGen       total 86016K, used 4441K [0x00000000c0000000, 0x00000000c5400000, 0x00000000eab00000)
  object space 86016K, 5% used [0x00000000c0000000,0x00000000c0456450,0x00000000c5400000)
 Metaspace       used 5657K, capacity 6832K, committed 7040K, reserved 1056768K
  class space    used 553K, capacity 616K, committed 640K, reserved 1048576K
}

Deoptimization events (10 events):
Event: 1.136 Thread 0x00000000179c4800 Uncommon trap: reason=class_check action=maybe_recompile pc=0x00000000030749e8 method=com.android.dx.rop.type.Type.equals(Ljava/lang/Object;)Z @ 8
Event: 1.141 Thread 0x00000000179c4800 Uncommon trap: reason=unstable_if action=reinterpret pc=0x00000000032000e0 method=com.android.dx.cf.code.BasicBlocker.addWorkIfNecessary(IZ)V @ 8
Event: 1.142 Thread 0x00000000179c4800 Uncommon trap: reason=unstable_if action=reinterpret pc=0x00000000032463ac method=com.android.dx.rop.code.RegisterSpec.equals(ILcom/android/dx/rop/type/TypeBearer;Lcom/android/dx/rop/code/LocalItem;)Z @ 16
Event: 1.142 Thread 0x00000000179c4800 Uncommon trap: reason=unstable_if action=reinterpret pc=0x0000000003186804 method=com.android.dx.cf.code.Ropper.labelToResultIndex(I)I @ 34
Event: 1.149 Thread 0x00000000179c4800 Uncommon trap: reason=unstable_if action=reinterpret pc=0x000000000320dc48 method=com.android.dx.util.LabeledList.set(ILcom/android/dx/util/LabeledItem;)V @ 16
Event: 1.149 Thread 0x00000000179c4800 Uncommon trap: reason=unstable_if action=reinterpret pc=0x000000000310af50 method=com.android.dx.rop.code.RegisterSpec.equals(ILcom/android/dx/rop/type/TypeBearer;Lcom/android/dx/rop/code/LocalItem;)Z @ 16
Event: 1.149 Thread 0x00000000179c4800 Uncommon trap: reason=unstable_if action=reinterpret pc=0x00000000030bfca0 method=com.android.dx.rop.code.RegisterSpec.equals(ILcom/android/dx/rop/type/TypeBearer;Lcom/android/dx/rop/code/LocalItem;)Z @ 16
Event: 1.152 Thread 0x00000000179c4800 Uncommon trap: reason=unstable_if action=reinterpret pc=0x0000000003004c74 method=java.util.BitSet.ensureCapacity(I)V @ 6
Event: 1.158 Thread 0x00000000179c4800 Uncommon trap: reason=null_check action=make_not_entrant pc=0x000000000323ff68 method=com.android.dx.rop.type.Type.equals(Ljava/lang/Object;)Z @ 8
Event: 1.272 Thread 0x00000000179c4800 Uncommon trap: reason=unstable_if action=reinterpret pc=0x0000000003276058 method=com.android.dx.ssa.SsaConverter.nodeNeedsUniquePredecessor(Lcom/android/dx/ssa/SsaBasicBlock;)Z @ 23

Internal exceptions (3 events):
Event: 0.022 Thread 0x0000000002cd0800 Exception <a 'java/lang/NoSuchMethodError': Method sun.misc.Unsafe.defineClass(Ljava/lang/String;[BII)Ljava/lang/Class; name or signature does not match> (0x00000000eab07c78) thrown at [C:\src\android\AOSP-openjdk\external\jetbrains\jdk\hotspot\src\share\vºÄloéE–?
Event: 0.022 Thread 0x0000000002cd0800 Exception <a 'java/lang/NoSuchMethodError': Method sun.misc.Unsafe.prefetchRead(Ljava/lang/Object;J)V name or signature does not match> (0x00000000eab07f60) thrown at [C:\src\android\AOSP-openjdk\external\jetbrains\jdk\hotspot\src\share\vm\prims\jni.cpp, l^fò£…ò?
Event: 1.158 Thread 0x00000000179c4800 Implicit null exception at 0x000000000323fe62 to 0x000000000323ff5a

Events (10 events):
Event: 1.256 Thread 0x0000000017ae1000 DEOPT UNPACKING pc=0x0000000002e175bf sp=0x0000000018aae8f8 mode 0
Event: 1.272 Thread 0x00000000179c4800 Uncommon trap: trap_request=0xffffff65 fr.pc=0x0000000003276058
Event: 1.272 Thread 0x00000000179c4800 DEOPT PACKING pc=0x0000000003276058 sp=0x00000000188ae8e0
Event: 1.272 Thread 0x00000000179c4800 DEOPT UNPACKING pc=0x0000000002e1556a sp=0x00000000188ae870 mode 2
Event: 1.298 loading class com/android/dx/util/ListIntSet
Event: 1.298 loading class com/android/dx/util/ListIntSet done
Event: 1.298 Executing VM operation: Deoptimize
Event: 1.299 Executing VM operation: Deoptimize done
Event: 1.305 loading class com/android/dx/util/ListIntSet$1
Event: 1.305 loading class com/android/dx/util/ListIntSet$1 done


Dynamic libraries:
0x00007ff6bfc80000 - 0x00007ff6bfcb1000 	C:\Program Files\Android\Android Studio\jre\bin\java.exe
0x00007ff834a60000 - 0x00007ff834c21000 	C:\WINDOWS\SYSTEM32\ntdll.dll
0x00007ff831fb0000 - 0x00007ff83205d000 	C:\WINDOWS\system32\KERNEL32.DLL
0x00007ff831a30000 - 0x00007ff831c18000 	C:\WINDOWS\system32\KERNELBASE.dll
0x00007ff833a50000 - 0x00007ff833af7000 	C:\WINDOWS\system32\ADVAPI32.dll
0x00007ff831e60000 - 0x00007ff831efd000 	C:\WINDOWS\system32\msvcrt.dll
0x00007ff833e50000 - 0x00007ff833eab000 	C:\WINDOWS\system32\sechost.dll
0x00007ff833930000 - 0x00007ff833a4c000 	C:\WINDOWS\system32\RPCRT4.dll
0x00007ff834470000 - 0x00007ff8345c6000 	C:\WINDOWS\system32\USER32.dll
0x00007ff833eb0000 - 0x00007ff834036000 	C:\WINDOWS\system32\GDI32.dll
0x00007ff82a220000 - 0x00007ff82a494000 	C:\WINDOWS\WinSxS\amd64_microsoft.windows.common-controls_6595b64144ccf1df_6.0.10586.672_none_a2d6b3cea53ff843\COMCTL32.dll
0x00007ff8347e0000 - 0x00007ff834a5d000 	C:\WINDOWS\system32\combase.dll
0x00007ff8319c0000 - 0x00007ff831a2a000 	C:\WINDOWS\system32\bcryptPrimitives.dll
0x00007ff8338f0000 - 0x00007ff83392b000 	C:\WINDOWS\system32\IMM32.DLL
0x000000005a2f0000 - 0x000000005a3c2000 	C:\Program Files\Android\Android Studio\jre\jre\bin\msvcr100.dll
0x000000005a4b0000 - 0x000000005acec000 	C:\Program Files\Android\Android Studio\jre\jre\bin\server\jvm.dll
0x00007ff833e40000 - 0x00007ff833e48000 	C:\WINDOWS\system32\PSAPI.DLL
0x00007ff82e270000 - 0x00007ff82e279000 	C:\WINDOWS\SYSTEM32\WSOCK32.dll
0x00007ff82b720000 - 0x00007ff82b72a000 	C:\WINDOWS\SYSTEM32\VERSION.dll
0x00007ff82e930000 - 0x00007ff82e953000 	C:\WINDOWS\SYSTEM32\WINMM.dll
0x00007ff833d40000 - 0x00007ff833dab000 	C:\WINDOWS\system32\WS2_32.dll
0x0000000002b80000 - 0x0000000002bac000 	C:\WINDOWS\SYSTEM32\WINMMBASE.dll
0x00007ff831cd0000 - 0x00007ff831d13000 	C:\WINDOWS\system32\cfgmgr32.dll
0x00007ff8290f0000 - 0x00007ff8290ff000 	C:\Program Files\Android\Android Studio\jre\jre\bin\verify.dll
0x00007ff826c20000 - 0x00007ff826c49000 	C:\Program Files\Android\Android Studio\jre\jre\bin\java.dll
0x00007ff828aa0000 - 0x00007ff828ab6000 	C:\Program Files\Android\Android Studio\jre\jre\bin\zip.dll
0x00007ff832240000 - 0x00007ff83379c000 	C:\WINDOWS\system32\SHELL32.dll
0x00007ff831370000 - 0x00007ff8319b5000 	C:\WINDOWS\system32\windows.storage.dll
0x00007ff834780000 - 0x00007ff8347d2000 	C:\WINDOWS\system32\shlwapi.dll
0x00007ff8310b0000 - 0x00007ff8310bf000 	C:\WINDOWS\system32\kernel.appcore.dll
0x00007ff831da0000 - 0x00007ff831e55000 	C:\WINDOWS\system32\shcore.dll
0x00007ff8310c0000 - 0x00007ff83110b000 	C:\WINDOWS\system32\powrprof.dll
0x00007ff831080000 - 0x00007ff831094000 	C:\WINDOWS\system32\profapi.dll

VM Arguments:
jvm_args: -Djava.awt.headless=true -Xmx1024M -Dfile.encoding=windows-1252 -Duser.country=GB -Duser.language=en -Duser.variant 
java_command: com.android.dx.command.Main --dex --force-jumbo --num-threads=4 --multi-dex --output D:\DesCon\Design-and-Construction-App\app\build\intermediates\transforms\dex\debug\folders\1000\5\slice_2 D:\DesCon\Design-and-Construction-App\app\build\intermediates\transforms\instantRunSlicer\debug\folders\1\5\slice_2
java_class_path (initial): C:\Users\Studio\AppData\Local\Android\sdk\build-tools\25.0.2\lib\dx.jar
Launcher Type: SUN_STANDARD

Environment Variables:
PATH=C:\Program Files\Oculus\Support\oculus-runtime;C:\ProgramData\Oracle\Java\javapath;c:\program files\euphonix\eucon\;c:\program files (x86)\euphonix\eucon;C:\WINDOWS\system32;C:\WINDOWS;C:\WINDOWS\System32\Wbem;C:\WINDOWS\System32\WindowsPowerShell\v1.0\;C:\Program Files (x86)\QuickTime\QTSystem\;C:\Program Files\Common Files\Avid\Eucon;C:\Program Files (x86)\Common Files\Avid\Eucon;C:\Program Files\MATLAB\R2015b\runtime\win64;C:\Program Files\MATLAB\R2015b\bin;C:\Program Files (x86)\NVIDIA Corporation\PhysX\Common;C:\Program Files (x86)\GtkSharp\2.12\bin
USERNAME=Studio
OS=Windows_NT
PROCESSOR_IDENTIFIER=Intel64 Family 6 Model 60 Stepping 3, GenuineIntel



---------------  S Y S T E M  ---------------

OS: Windows 10.0 , 64 bit Build 10586 (10.0.10586.589)

CPU:total 8 (4 cores per cpu, 2 threads per core) family 6 model 60 stepping 3, cmov, cx8, fxsr, mmx, sse, sse2, sse3, ssse3, sse4.1, sse4.2, popcnt, avx, avx2, aes, clmul, erms, lzcnt, ht, tsc, tscinvbit, bmi1, bmi2

Memory: 4k page, physical 8223328k(1458620k free), swap 8223328k(5460k free)

vm_info: OpenJDK 64-Bit Server VM (25.112-b06) for windows-amd64 JRE (1.8.0_112-release-b06), built on Dec  8 2016 00:54:26 by "builder" with MS VC++ 10.0 (VS2010)

time: Sat Apr 22 13:47:30 2017
elapsed time: 1 seconds (0d 0h 0m 1s)

