#
# There is insufficient memory for the Java Runtime Environment to continue.
# Native memory allocation (malloc) failed to allocate 386576 bytes for Chunk::new
# Possible reasons:
#   The system is out of physical RAM or swap space
#   In 32 bit mode, the process size limit was hit
# Possible solutions:
#   Reduce memory load on the system
#   Increase physical memory or swap space
#   Check if swap backing store is full
#   Use 64 bit Java on a 64 bit OS
#   Decrease Java heap size (-Xmx/-Xms)
#   Decrease number of Java threads
#   Decrease Java thread stack sizes (-Xss)
#   Set larger code cache with -XX:ReservedCodeCacheSize=
# This output file may be truncated or incomplete.
#
#  Out of Memory Error (allocation.cpp:390), pid=1488, tid=0x00000000000022e0
#
# JRE version: OpenJDK Runtime Environment (8.0_112-b06) (build 1.8.0_112-release-b06)
# Java VM: OpenJDK 64-Bit Server VM (25.112-b06 mixed mode windows-amd64 compressed oops)
# Failed to write core dump. Minidumps are not enabled by default on client versions of Windows
#

---------------  T H R E A D  ---------------

Current thread (0x0000000016f88800):  JavaThread "C2 CompilerThread2" daemon [_thread_in_native, id=8928, stack(0x00000000178e0000,0x00000000179e0000)]

Stack: [0x00000000178e0000,0x00000000179e0000]
[error occurred during error reporting (printing stack bounds), id 0xc0000005]

Native frames: (J=compiled Java code, j=interpreted, Vv=VM code, C=native code)


Current CompileTask:
C2:   1044 1189       4       com.android.dx.ssa.SCCP::simulateBranch (666 bytes)


---------------  P R O C E S S  ---------------

Java Threads: ( => current thread )
  0x0000000017212000 JavaThread "pool-2-thread-4" [_thread_in_Java, id=3472, stack(0x00000000180e0000,0x00000000181e0000)]
  0x0000000017209000 JavaThread "pool-2-thread-3" [_thread_in_Java, id=5664, stack(0x0000000017fe0000,0x00000000180e0000)]
  0x00000000170f7000 JavaThread "pool-2-thread-2" [_thread_in_Java, id=8876, stack(0x0000000017ee0000,0x0000000017fe0000)]
  0x00000000170eb800 JavaThread "pool-3-thread-1" [_thread_blocked, id=4232, stack(0x0000000017de0000,0x0000000017ee0000)]
  0x00000000170ea800 JavaThread "pool-2-thread-1" [_thread_in_Java, id=6576, stack(0x0000000017ce0000,0x0000000017de0000)]
  0x0000000016f91800 JavaThread "Service Thread" daemon [_thread_blocked, id=5140, stack(0x0000000017ae0000,0x0000000017be0000)]
  0x0000000016f8c800 JavaThread "C1 CompilerThread3" daemon [_thread_in_native, id=8476, stack(0x00000000179e0000,0x0000000017ae0000)]
=>0x0000000016f88800 JavaThread "C2 CompilerThread2" daemon [_thread_in_native, id=8928, stack(0x00000000178e0000,0x00000000179e0000)]
  0x0000000016f84800 JavaThread "C2 CompilerThread1" daemon [_thread_in_native, id=4836, stack(0x00000000177e0000,0x00000000178e0000)]
  0x0000000016f27000 JavaThread "C2 CompilerThread0" daemon [_thread_in_native, id=1948, stack(0x00000000176e0000,0x00000000177e0000)]
  0x0000000016f25800 JavaThread "Attach Listener" daemon [_thread_blocked, id=1732, stack(0x00000000175e0000,0x00000000176e0000)]
  0x0000000016f22000 JavaThread "Signal Dispatcher" daemon [_thread_blocked, id=6684, stack(0x00000000174e0000,0x00000000175e0000)]
  0x000000000251e800 JavaThread "Finalizer" daemon [_thread_blocked, id=8324, stack(0x0000000017300000,0x0000000017400000)]
  0x0000000002514000 JavaThread "Reference Handler" daemon [_thread_blocked, id=7236, stack(0x0000000016e00000,0x0000000016f00000)]
  0x0000000002420800 JavaThread "main" [_thread_in_Java, id=3900, stack(0x0000000002170000,0x0000000002270000)]

Other Threads:
  0x0000000015035800 VMThread [stack: 0x0000000016d00000,0x0000000016e00000] [id=6584]
  0x0000000016f92800 WatcherThread [stack: 0x0000000017be0000,0x0000000017ce0000] [id=8144]

VM state:not at safepoint (normal execution)

VM Mutex/Monitor currently owned by a thread:  ([mutex/lock_event])
[0x00000000022cd570] MethodData_lock - owner thread: 0x0000000016f8c800

Heap:
 PSYoungGen      total 37888K, used 34551K [0x00000000eab00000, 0x00000000ef500000, 0x0000000100000000)
  eden space 32768K, 89% used [0x00000000eab00000,0x00000000ec7c0218,0x00000000ecb00000)
  from space 5120K, 99% used [0x00000000ecb00000,0x00000000ecffdca8,0x00000000ed000000)
  to   space 5120K, 0% used [0x00000000ef000000,0x00000000ef000000,0x00000000ef500000)
 ParOldGen       total 86016K, used 1631K [0x00000000c0000000, 0x00000000c5400000, 0x00000000eab00000)
  object space 86016K, 1% used [0x00000000c0000000,0x00000000c0197f30,0x00000000c5400000)
 Metaspace       used 5940K, capacity 6896K, committed 7040K, reserved 1056768K
  class space    used 574K, capacity 616K, committed 640K, reserved 1048576K

Card table byte_map: [0x00000000118e0000,0x0000000011af0000] byte_map_base: 0x00000000112e0000

Marking Bits: (ParMarkBitMap*) 0x000000005ac718f0
 Begin Bits: [0x0000000012450000, 0x0000000013450000)
 End Bits:   [0x0000000013450000, 0x0000000014450000)

Polling page: 0x00000000006a0000

CodeCache: size=245760Kb used=5136Kb max_used=5136Kb free=240623Kb
 bounds [0x0000000002520000, 0x0000000002a30000, 0x0000000011520000]
 total_blobs=1557 nmethods=1289 adapters=182
 compilation: enabled

Compilation events (10 events):
Event: 0.989 Thread 0x0000000016f8c800 1187       1       com.android.dx.rop.code.LocalItem::getName (5 bytes)
Event: 0.989 Thread 0x0000000016f8c800 nmethod 1187 0x00000000029c7e10 code [0x00000000029c7f60, 0x00000000029c8070]
Event: 0.989 Thread 0x0000000016f8c800 1208       3       com.android.dx.ssa.SsaConverter::edgeSplitSuccessors (98 bytes)
Event: 0.990 Thread 0x0000000016f8c800 nmethod 1208 0x00000000029c80d0 code [0x00000000029c8340, 0x00000000029c9168]
Event: 0.990 Thread 0x0000000016f8c800 1209       3       com.android.dx.ssa.SsaBasicBlock::insertNewSuccessor (228 bytes)
Event: 0.991 Thread 0x0000000016f8c800 nmethod 1209 0x00000000029c9b10 code [0x00000000029c9e40, 0x00000000029cb368]
Event: 0.991 Thread 0x0000000016f8c800 1210       3       java.util.BitSet::set (18 bytes)
Event: 0.991 Thread 0x0000000016f8c800 nmethod 1210 0x00000000029cbe10 code [0x00000000029cbf80, 0x00000000029cc1b8]
Event: 0.993 Thread 0x0000000016f84800 nmethod 1204% 0x00000000029cf290 code [0x00000000029cf400, 0x00000000029cf7c8]
Event: 0.993 Thread 0x0000000016f84800 1198       4       com.android.dx.rop.code.RegisterSpecSet::intersect (117 bytes)

GC Heap History (2 events):
Event: 0.935 GC heap before
{Heap before GC invocations=1 (full 0):
 PSYoungGen      total 37888K, used 32768K [0x00000000eab00000, 0x00000000ed500000, 0x0000000100000000)
  eden space 32768K, 100% used [0x00000000eab00000,0x00000000ecb00000,0x00000000ecb00000)
  from space 5120K, 0% used [0x00000000ed000000,0x00000000ed000000,0x00000000ed500000)
  to   space 5120K, 0% used [0x00000000ecb00000,0x00000000ecb00000,0x00000000ed000000)
 ParOldGen       total 86016K, used 0K [0x00000000c0000000, 0x00000000c5400000, 0x00000000eab00000)
  object space 86016K, 0% used [0x00000000c0000000,0x00000000c0000000,0x00000000c5400000)
 Metaspace       used 5836K, capacity 6832K, committed 7040K, reserved 1056768K
  class space    used 572K, capacity 616K, committed 640K, reserved 1048576K
Event: 0.945 GC heap after
Heap after GC invocations=1 (full 0):
 PSYoungGen      total 37888K, used 5111K [0x00000000eab00000, 0x00000000ef500000, 0x0000000100000000)
  eden space 32768K, 0% used [0x00000000eab00000,0x00000000eab00000,0x00000000ecb00000)
  from space 5120K, 99% used [0x00000000ecb00000,0x00000000ecffdca8,0x00000000ed000000)
  to   space 5120K, 0% used [0x00000000ef000000,0x00000000ef000000,0x00000000ef500000)
 ParOldGen       total 86016K, used 1631K [0x00000000c0000000, 0x00000000c5400000, 0x00000000eab00000)
  object space 86016K, 1% used [0x00000000c0000000,0x00000000c0197f30,0x00000000c5400000)
 Metaspace       used 5836K, capacity 6832K, committed 7040K, reserved 1056768K
  class space    used 572K, capacity 616K, committed 640K, reserved 1048576K
}

Deoptimization events (10 events):
Event: 0.685 Thread 0x00000000170ea800 Uncommon trap: reason=class_check action=maybe_recompile pc=0x0000000002738bf0 method=com.android.dx.ssa.NormalSsaInsn.accept(Lcom/android/dx/ssa/SsaInsn$Visitor;)V @ 9
Event: 0.685 Thread 0x00000000170ea800 Uncommon trap: reason=class_check action=maybe_recompile pc=0x0000000002738bf0 method=com.android.dx.ssa.NormalSsaInsn.accept(Lcom/android/dx/ssa/SsaInsn$Visitor;)V @ 9
Event: 0.774 Thread 0x00000000170ea800 Uncommon trap: reason=null_check action=make_not_entrant pc=0x00000000028331d4 method=com.android.dx.ssa.SsaRenamer.getLocalForNewReg(I)Lcom/android/dx/rop/code/LocalItem; @ 19
Event: 0.774 Thread 0x00000000170ea800 Uncommon trap: reason=null_check action=make_not_entrant pc=0x0000000002850f94 method=com.android.dx.ssa.SsaRenamer.getLocalForNewReg(I)Lcom/android/dx/rop/code/LocalItem; @ 19
Event: 0.933 Thread 0x0000000017212000 Uncommon trap: reason=unstable_if action=reinterpret pc=0x00000000029867bc method=com.android.dx.rop.code.DexTranslationAdvice.requiresSourcesInOrder(Lcom/android/dx/rop/code/Rop;Lcom/android/dx/rop/code/RegisterSpecList;)Z @ 21
Event: 0.982 Thread 0x0000000002420800 Uncommon trap: reason=class_check action=maybe_recompile pc=0x00000000028aadf4 method=java.util.HashMap.putVal(ILjava/lang/Object;Ljava/lang/Object;ZZ)Ljava/lang/Object; @ 203
Event: 0.982 Thread 0x0000000002420800 Uncommon trap: reason=class_check action=maybe_recompile pc=0x00000000028aadf4 method=java.util.HashMap.putVal(ILjava/lang/Object;Ljava/lang/Object;ZZ)Ljava/lang/Object; @ 203
Event: 0.983 Thread 0x0000000002420800 Uncommon trap: reason=class_check action=maybe_recompile pc=0x00000000028aadf4 method=java.util.HashMap.putVal(ILjava/lang/Object;Ljava/lang/Object;ZZ)Ljava/lang/Object; @ 203
Event: 0.983 Thread 0x0000000002420800 Uncommon trap: reason=class_check action=maybe_recompile pc=0x00000000028aadf4 method=java.util.HashMap.putVal(ILjava/lang/Object;Ljava/lang/Object;ZZ)Ljava/lang/Object; @ 203
Event: 0.983 Thread 0x00000000170f7000 Uncommon trap: reason=class_check action=maybe_recompile pc=0x00000000028aadf4 method=java.util.HashMap.putVal(ILjava/lang/Object;Ljava/lang/Object;ZZ)Ljava/lang/Object; @ 203

Internal exceptions (4 events):
Event: 0.059 Thread 0x0000000002420800 Exception <a 'java/lang/NoSuchMethodError': Method sun.misc.Unsafe.defineClass(Ljava/lang/String;[BII)Ljava/lang/Class; name or signature does not match> (0x00000000eab07c78) thrown at [C:\src\android\AOSP-openjdk\external\jetbrains\jdk\hotspot\src\share\vÿ
Event: 0.060 Thread 0x0000000002420800 Exception <a 'java/lang/NoSuchMethodError': Method sun.misc.Unsafe.prefetchRead(Ljava/lang/Object;J)V name or signature does not match> (0x00000000eab07f60) thrown at [C:\src\android\AOSP-openjdk\external\jetbrains\jdk\hotspot\src\share\vm\prims\jni.cpp, l…Ž _²Àè?
Event: 0.774 Thread 0x00000000170ea800 Implicit null exception at 0x000000000283084a to 0x0000000002833191
Event: 0.774 Thread 0x00000000170ea800 Implicit null exception at 0x000000000284fa2c to 0x0000000002850f61

Events (10 events):
Event: 0.983 Thread 0x0000000002420800 DEOPT UNPACKING pc=0x000000000256556a sp=0x000000000226e2c8 mode 2
Event: 0.983 Thread 0x0000000002420800 Uncommon trap: trap_request=0xffffffde fr.pc=0x00000000028aadf4
Event: 0.983 Thread 0x0000000002420800 DEOPT PACKING pc=0x00000000028aadf4 sp=0x000000000226e350
Event: 0.983 Thread 0x0000000002420800 DEOPT UNPACKING pc=0x000000000256556a sp=0x000000000226e2c8 mode 2
Event: 0.983 Thread 0x0000000002420800 Uncommon trap: trap_request=0xffffffde fr.pc=0x00000000028aadf4
Event: 0.983 Thread 0x0000000002420800 DEOPT PACKING pc=0x00000000028aadf4 sp=0x000000000226e350
Event: 0.983 Thread 0x0000000002420800 DEOPT UNPACKING pc=0x000000000256556a sp=0x000000000226e2c8 mode 2
Event: 0.983 Thread 0x00000000170f7000 Uncommon trap: trap_request=0xffffffde fr.pc=0x00000000028aadf4
Event: 0.983 Thread 0x00000000170f7000 DEOPT PACKING pc=0x00000000028aadf4 sp=0x0000000017fde9a0
Event: 0.983 Thread 0x00000000170f7000 DEOPT UNPACKING pc=0x000000000256556a sp=0x0000000017fde918 mode 2


Dynamic libraries:
0x00007ff6bfc80000 - 0x00007ff6bfcb1000 	C:\Program Files\Android\Android Studio\jre\bin\java.exe
0x00007ff834a60000 - 0x00007ff834c21000 	C:\WINDOWS\SYSTEM32\ntdll.dll
0x00007ff831fb0000 - 0x00007ff83205d000 	C:\WINDOWS\system32\KERNEL32.DLL
0x00007ff831a30000 - 0x00007ff831c18000 	C:\WINDOWS\system32\KERNELBASE.dll
0x00007ff833a50000 - 0x00007ff833af7000 	C:\WINDOWS\system32\ADVAPI32.dll
0x00007ff831e60000 - 0x00007ff831efd000 	C:\WINDOWS\system32\msvcrt.dll
0x00007ff833e50000 - 0x00007ff833eab000 	C:\WINDOWS\system32\sechost.dll
0x00007ff833930000 - 0x00007ff833a4c000 	C:\WINDOWS\system32\RPCRT4.dll
0x00007ff834470000 - 0x00007ff8345c6000 	C:\WINDOWS\system32\USER32.dll
0x00007ff833eb0000 - 0x00007ff834036000 	C:\WINDOWS\system32\GDI32.dll
0x00007ff82a220000 - 0x00007ff82a494000 	C:\WINDOWS\WinSxS\amd64_microsoft.windows.common-controls_6595b64144ccf1df_6.0.10586.672_none_a2d6b3cea53ff843\COMCTL32.dll
0x00007ff8347e0000 - 0x00007ff834a5d000 	C:\WINDOWS\system32\combase.dll
0x00007ff8319c0000 - 0x00007ff831a2a000 	C:\WINDOWS\system32\bcryptPrimitives.dll
0x00007ff8338f0000 - 0x00007ff83392b000 	C:\WINDOWS\system32\IMM32.DLL
0x000000005a2f0000 - 0x000000005a3c2000 	C:\Program Files\Android\Android Studio\jre\jre\bin\msvcr100.dll
0x000000005a4b0000 - 0x000000005acec000 	C:\Program Files\Android\Android Studio\jre\jre\bin\server\jvm.dll
0x00007ff833e40000 - 0x00007ff833e48000 	C:\WINDOWS\system32\PSAPI.DLL
0x00007ff82e270000 - 0x00007ff82e279000 	C:\WINDOWS\SYSTEM32\WSOCK32.dll
0x00007ff833d40000 - 0x00007ff833dab000 	C:\WINDOWS\system32\WS2_32.dll
0x00007ff82e930000 - 0x00007ff82e953000 	C:\WINDOWS\SYSTEM32\WINMM.dll
0x00007ff82b720000 - 0x00007ff82b72a000 	C:\WINDOWS\SYSTEM32\VERSION.dll
0x00007ff82e7f0000 - 0x00007ff82e81c000 	C:\WINDOWS\SYSTEM32\WINMMBASE.dll
0x00007ff831cd0000 - 0x00007ff831d13000 	C:\WINDOWS\system32\cfgmgr32.dll
0x00007ff8290f0000 - 0x00007ff8290ff000 	C:\Program Files\Android\Android Studio\jre\jre\bin\verify.dll
0x00007ff826c20000 - 0x00007ff826c49000 	C:\Program Files\Android\Android Studio\jre\jre\bin\java.dll
0x00007ff828aa0000 - 0x00007ff828ab6000 	C:\Program Files\Android\Android Studio\jre\jre\bin\zip.dll
0x00007ff832240000 - 0x00007ff83379c000 	C:\WINDOWS\system32\SHELL32.dll
0x00007ff831370000 - 0x00007ff8319b5000 	C:\WINDOWS\system32\windows.storage.dll
0x00007ff834780000 - 0x00007ff8347d2000 	C:\WINDOWS\system32\shlwapi.dll
0x00007ff8310b0000 - 0x00007ff8310bf000 	C:\WINDOWS\system32\kernel.appcore.dll
0x00007ff831da0000 - 0x00007ff831e55000 	C:\WINDOWS\system32\shcore.dll
0x00007ff8310c0000 - 0x00007ff83110b000 	C:\WINDOWS\system32\powrprof.dll
0x00007ff831080000 - 0x00007ff831094000 	C:\WINDOWS\system32\profapi.dll

VM Arguments:
jvm_args: -Djava.awt.headless=true -Xmx1024M -Dfile.encoding=windows-1252 -Duser.country=GB -Duser.language=en -Duser.variant 
java_command: com.android.dx.command.Main --dex --force-jumbo --num-threads=4 --multi-dex --output D:\DesCon\Design-and-Construction-App\app\build\intermediates\transforms\dex\debug\folders\1000\2\GraphView-4.2.1_fcb84911a4edd8fb1231b007d04c037f2354efa1 D:\DesCon\Design-and-Construction-App\app\libs\GraphView-4.2.1.jar
java_class_path (initial): C:\Users\Studio\AppData\Local\Android\sdk\build-tools\25.0.2\lib\dx.jar
Launcher Type: SUN_STANDARD

Environment Variables:
PATH=C:\Program Files (x86)\Google\Chrome\Application;C:\Program Files\Oculus\Support\oculus-runtime;C:\ProgramData\Oracle\Java\javapath;c:\program files\euphonix\eucon\;c:\program files (x86)\euphonix\eucon;C:\WINDOWS\system32;C:\WINDOWS;C:\WINDOWS\System32\Wbem;C:\WINDOWS\System32\WindowsPowerShell\v1.0\;C:\Program Files (x86)\QuickTime\QTSystem\;C:\Program Files\Common Files\Avid\Eucon;C:\Program Files (x86)\Common Files\Avid\Eucon;C:\Program Files\MATLAB\R2015b\runtime\win64;C:\Program Files\MATLAB\R2015b\bin;C:\Program Files (x86)\NVIDIA Corporation\PhysX\Common;C:\Program Files (x86)\GtkSharp\2.12\bin
USERNAME=Studio
OS=Windows_NT
PROCESSOR_IDENTIFIER=Intel64 Family 6 Model 60 Stepping 3, GenuineIntel



---------------  S Y S T E M  ---------------

OS: Windows 10.0 , 64 bit Build 10586 (10.0.10586.589)

CPU:total 8 (4 cores per cpu, 2 threads per core) family 6 model 60 stepping 3, cmov, cx8, fxsr, mmx, sse, sse2, sse3, ssse3, sse4.1, sse4.2, popcnt, avx, avx2, aes, clmul, erms, lzcnt, ht, tsc, tscinvbit, bmi1, bmi2

Memory: 4k page, physical 8223328k(1458616k free), swap 8223328k(5460k free)

vm_info: OpenJDK 64-Bit Server VM (25.112-b06) for windows-amd64 JRE (1.8.0_112-release-b06), built on Dec  8 2016 00:54:26 by "builder" with MS VC++ 10.0 (VS2010)

time: Sat Apr 22 13:47:30 2017
elapsed time: 1 seconds (0d 0h 0m 1s)

