#
# There is insufficient memory for the Java Runtime Environment to continue.
# Native memory allocation (malloc) failed to allocate 1048576 bytes for AllocateHeap
# Possible reasons:
#   The system is out of physical RAM or swap space
#   In 32 bit mode, the process size limit was hit
# Possible solutions:
#   Reduce memory load on the system
#   Increase physical memory or swap space
#   Check if swap backing store is full
#   Use 64 bit Java on a 64 bit OS
#   Decrease Java heap size (-Xmx/-Xms)
#   Decrease number of Java threads
#   Decrease Java thread stack sizes (-Xss)
#   Set larger code cache with -XX:ReservedCodeCacheSize=
# This output file may be truncated or incomplete.
#
#  Out of Memory Error (memory/allocation.inline.hpp:61), pid=8648, tid=0x000000000000065c
#
# JRE version:  (8.0_112-b06) (build )
# Java VM: OpenJDK 64-Bit Server VM (25.112-b06 mixed mode windows-amd64 compressed oops)
# Failed to write core dump. Minidumps are not enabled by default on client versions of Windows
#

---------------  T H R E A D  ---------------

Current thread (0x0000000002430800):  JavaThread "Unknown thread" [_thread_in_vm, id=1628, stack(0x00000000022b0000,0x00000000023b0000)]

Stack: [0x00000000022b0000,0x00000000023b0000]
[error occurred during error reporting (printing stack bounds), id 0xc0000005]

Native frames: (J=compiled Java code, j=interpreted, Vv=VM code, C=native code)


---------------  P R O C E S S  ---------------

Java Threads: ( => current thread )

Other Threads:

=>0x0000000002430800 (exited) JavaThread "Unknown thread" [_thread_in_vm, id=1628, stack(0x00000000022b0000,0x00000000023b0000)]

VM state:not at safepoint (normal execution)

VM Mutex/Monitor currently owned by a thread: None

Heap:
 PSYoungGen      total 37888K, used 655K [0x00000000eab00000, 0x00000000ed500000, 0x0000000100000000)
  eden space 32768K, 2% used [0x00000000eab00000,0x00000000eaba3d80,0x00000000ecb00000)
  from space 5120K, 0% used [0x00000000ed000000,0x00000000ed000000,0x00000000ed500000)
  to   space 5120K, 0% used [0x00000000ecb00000,0x00000000ecb00000,0x00000000ed000000)
 ParOldGen       total 86016K, used 0K [0x00000000c0000000, 0x00000000c5400000, 0x00000000eab00000)
  object space 86016K, 0% used [0x00000000c0000000,0x00000000c0000000,0x00000000c5400000)
 Metaspace       used 772K, capacity 4480K, committed 4480K, reserved 1056768K
  class space    used 73K, capacity 384K, committed 384K, reserved 1048576K

Card table byte_map: [0x00000000118f0000,0x0000000011b00000] byte_map_base: 0x00000000112f0000

Marking Bits: (ParMarkBitMap*) 0x000000005e7118f0
 Begin Bits: [0x0000000012460000, 0x0000000013460000)
 End Bits:   [0x0000000013460000, 0x0000000014460000)

Polling page: 0x00000000023b0000

CodeCache: size=245760Kb used=328Kb max_used=328Kb free=245431Kb
 bounds [0x0000000002530000, 0x00000000027a0000, 0x0000000011530000]
 total_blobs=57 nmethods=0 adapters=38
 compilation: enabled

Compilation events (0 events):
No events

GC Heap History (0 events):
No events

Deoptimization events (0 events):
No events

Internal exceptions (0 events):
No events

Events (10 events):
Event: 0.015 loading class java/lang/Short
Event: 0.015 loading class java/lang/Short done
Event: 0.015 loading class java/lang/Integer
Event: 0.015 loading class java/lang/Integer done
Event: 0.015 loading class java/lang/Long
Event: 0.015 loading class java/lang/Long done
Event: 0.015 loading class java/lang/NullPointerException
Event: 0.015 loading class java/lang/NullPointerException done
Event: 0.015 loading class java/lang/ArithmeticException
Event: 0.015 loading class java/lang/ArithmeticException done


Dynamic libraries:
0x00007ff76fa10000 - 0x00007ff76fa41000 	C:\Program Files\Android\Android Studio\jre\bin\java.exe
0x00007ffe2b490000 - 0x00007ffe2b651000 	C:\WINDOWS\SYSTEM32\ntdll.dll
0x00007ffe2b3e0000 - 0x00007ffe2b48d000 	C:\WINDOWS\system32\KERNEL32.DLL
0x00007ffe27e20000 - 0x00007ffe28008000 	C:\WINDOWS\system32\KERNELBASE.dll
0x00007ffe2b020000 - 0x00007ffe2b0c7000 	C:\WINDOWS\system32\ADVAPI32.dll
0x00007ffe29fb0000 - 0x00007ffe2a04d000 	C:\WINDOWS\system32\msvcrt.dll
0x00007ffe2afc0000 - 0x00007ffe2b01b000 	C:\WINDOWS\system32\sechost.dll
0x00007ffe2a270000 - 0x00007ffe2a38c000 	C:\WINDOWS\system32\RPCRT4.dll
0x00007ffe2a9c0000 - 0x00007ffe2ab16000 	C:\WINDOWS\system32\USER32.dll
0x00007ffe2a050000 - 0x00007ffe2a1d6000 	C:\WINDOWS\system32\GDI32.dll
0x00007ffe20330000 - 0x00007ffe205a4000 	C:\WINDOWS\WinSxS\amd64_microsoft.windows.common-controls_6595b64144ccf1df_6.0.10586.839_none_a2ddba30a539a2ae\COMCTL32.dll
0x00007ffe2a3d0000 - 0x00007ffe2a64d000 	C:\WINDOWS\system32\combase.dll
0x00007ffe27b60000 - 0x00007ffe27bca000 	C:\WINDOWS\system32\bcryptPrimitives.dll
0x00007ffe2a390000 - 0x00007ffe2a3cb000 	C:\WINDOWS\system32\IMM32.DLL
0x000000005dd90000 - 0x000000005de62000 	C:\Program Files\Android\Android Studio\jre\jre\bin\msvcr100.dll
0x000000005df50000 - 0x000000005e78c000 	C:\Program Files\Android\Android Studio\jre\jre\bin\server\jvm.dll
0x00007ffe2a260000 - 0x00007ffe2a268000 	C:\WINDOWS\system32\PSAPI.DLL
0x00007ffe15fb0000 - 0x00007ffe15fb9000 	C:\WINDOWS\SYSTEM32\WSOCK32.dll
0x00007ffe25e40000 - 0x00007ffe25e63000 	C:\WINDOWS\SYSTEM32\WINMM.dll
0x00007ffe2a1f0000 - 0x00007ffe2a25b000 	C:\WINDOWS\system32\WS2_32.dll
0x00007ffe22140000 - 0x00007ffe2214a000 	C:\WINDOWS\SYSTEM32\VERSION.dll
0x00007ffe25d60000 - 0x00007ffe25d8c000 	C:\WINDOWS\SYSTEM32\WINMMBASE.dll
0x00007ffe27bd0000 - 0x00007ffe27c13000 	C:\WINDOWS\system32\cfgmgr32.dll
0x00007ffe15ee0000 - 0x00007ffe15eef000 	C:\Program Files\Android\Android Studio\jre\jre\bin\verify.dll
0x00007ffe07b90000 - 0x00007ffe07bb9000 	C:\Program Files\Android\Android Studio\jre\jre\bin\java.dll
0x00007ffe15ec0000 - 0x00007ffe15ed6000 	C:\Program Files\Android\Android Studio\jre\jre\bin\zip.dll

VM Arguments:
jvm_args: -Djava.awt.headless=true -Xmx1024M -Dfile.encoding=windows-1252 -Duser.country=GB -Duser.language=en -Duser.variant 
java_command: com.android.dx.command.Main --dex --num-threads=4 --output D:\DesCon\Design-and-Construction-App\app\build\intermediates\pre-dexed\debug\debug_829c65afefe7b7ffa432060ed8b6d311a80d264d.jar D:\DesCon\Design-and-Construction-App\app\build\intermediates\classes\debug
java_class_path (initial): C:\Users\Studio\AppData\Local\Android\sdk\build-tools\25.0.2\lib\dx.jar
Launcher Type: SUN_STANDARD

Environment Variables:
PATH=C:\Program Files\Oculus\Support\oculus-runtime;C:\ProgramData\Oracle\Java\javapath;c:\program files\euphonix\eucon\;c:\program files (x86)\euphonix\eucon;C:\WINDOWS\system32;C:\WINDOWS;C:\WINDOWS\System32\Wbem;C:\WINDOWS\System32\WindowsPowerShell\v1.0\;C:\Program Files (x86)\QuickTime\QTSystem\;C:\Program Files\Common Files\Avid\Eucon;C:\Program Files (x86)\Common Files\Avid\Eucon;C:\Program Files\MATLAB\R2015b\runtime\win64;C:\Program Files\MATLAB\R2015b\bin;C:\Program Files (x86)\NVIDIA Corporation\PhysX\Common;C:\Program Files (x86)\GtkSharp\2.12\bin
USERNAME=Studio
OS=Windows_NT
PROCESSOR_IDENTIFIER=Intel64 Family 6 Model 60 Stepping 3, GenuineIntel



---------------  S Y S T E M  ---------------

OS: Windows 10.0 , 64 bit Build 10586 (10.0.10586.589)

CPU:total 8 (4 cores per cpu, 2 threads per core) family 6 model 60 stepping 3, cmov, cx8, fxsr, mmx, sse, sse2, sse3, ssse3, sse4.1, sse4.2, popcnt, avx, avx2, aes, clmul, erms, lzcnt, ht, tsc, tscinvbit, bmi1, bmi2

Memory: 4k page, physical 8223328k(1345312k free), swap 8223328k(5872k free)

vm_info: OpenJDK 64-Bit Server VM (25.112-b06) for windows-amd64 JRE (1.8.0_112-release-b06), built on Dec  8 2016 00:54:26 by "builder" with MS VC++ 10.0 (VS2010)

time: Thu Apr 27 18:45:15 2017
elapsed time: 0 seconds (0d 0h 0m 0s)

